#
# There is insufficient memory for the Java Runtime Environment to continue.
# Native memory allocation (mmap) failed to map 266338304 bytes for G1 virtual space
# Possible reasons:
#   The system is out of physical RAM or swap space
#   The process is running with CompressedOops enabled, and the Java Heap may be blocking the growth of the native heap
# Possible solutions:
#   Reduce memory load on the system
#   Increase physical memory or swap space
#   Check if swap backing store is full
#   Decrease Java heap size (-Xmx/-Xms)
#   Decrease number of Java threads
#   Decrease Java thread stack sizes (-Xss)
#   Set larger code cache with -XX:ReservedCodeCacheSize=
#   JVM is running with Zero Based Compressed Oops mode in which the Java heap is
#     placed in the first 32GB address space. The Java Heap base address is the
#     maximum limit for the native heap growth. Please use -XX:HeapBaseMinAddress
#     to set the Java Heap base and to place the Java Heap above 32GB virtual address.
# This output file may be truncated or incomplete.
#
#  Out of Memory Error (os_windows.cpp:3536), pid=7104, tid=5828
#
# JRE version:  (19.0.2+7) (build )
# Java VM: Java HotSpot(TM) 64-Bit Server VM (19.0.2+7-44, mixed mode, sharing, tiered, compressed oops, compressed class ptrs, g1 gc, windows-amd64)
# No core dump will be written. Minidumps are not enabled by default on client versions of Windows
#

---------------  S U M M A R Y ------------

Command Line: -Dfile.encoding=UTF-8 --module-path=D:\record\Hospital Management System\build\classes hospital.management.system.HospitalManagementSystem

Host: Intel(R) Core(TM) i7-8750H CPU @ 2.20GHz, 12 cores, 15G,  Windows 10 , 64 bit Build 19041 (10.0.19041.2364)
Time: Sun Jan 22 22:20:46 2023 Bangladesh Standard Time elapsed time: 0.008192 seconds (0d 0h 0m 0s)

---------------  T H R E A D  ---------------

Current thread (0x0000014ba9a28ef0):  JavaThread "Unknown thread" [_thread_in_vm, id=5828, stack(0x0000004022200000,0x0000004022300000)]

Stack: [0x0000004022200000,0x0000004022300000]
Native frames: (J=compiled Java code, j=interpreted, Vv=VM code, C=native code)
V  [jvm.dll+0x6ee21a]
V  [jvm.dll+0x85765e]
V  [jvm.dll+0x85904e]
V  [jvm.dll+0x859703]
V  [jvm.dll+0x28298f]
V  [jvm.dll+0x6eb009]
V  [jvm.dll+0x6dfbaa]
V  [jvm.dll+0x3573f6]
V  [jvm.dll+0x35ee56]
V  [jvm.dll+0x3b541e]
V  [jvm.dll+0x3b564f]
V  [jvm.dll+0x32c9ea]
V  [jvm.dll+0x32d89e]
V  [jvm.dll+0x821780]
V  [jvm.dll+0x3c2661]
V  [jvm.dll+0x801f51]
V  [jvm.dll+0x44ae8f]
V  [jvm.dll+0x44c811]
C  [jli.dll+0x5287]
C  [ucrtbase.dll+0x21bb2]
C  [KERNEL32.DLL+0x17614]
C  [ntdll.dll+0x526a1]


---------------  P R O C E S S  ---------------

Threads class SMR info:
_java_thread_list=0x00007ffa78b1d048, length=0, elements={
}

Java Threads: ( => current thread )

Other Threads:
  0x0000014ba9a9a150 WorkerThread "GC Thread#0" [stack: 0x0000004022300000,0x0000004022400000] [id=22168]
  0x0000014ba9aacd70 ConcurrentGCThread "G1 Main Marker" [stack: 0x0000004022400000,0x0000004022500000] [id=24436]
  0x0000014ba9aad850 WorkerThread "G1 Conc#0" [stack: 0x0000004022500000,0x0000004022600000] [id=20368]

[error occurred during error reporting (printing all threads), id 0xc0000005, EXCEPTION_ACCESS_VIOLATION (0xc0000005) at pc=0x00007ffa782dd427]

VM state: not at safepoint (not fully initialized)

VM Mutex/Monitor currently owned by a thread:  ([mutex/lock_event])
[0x0000014ba9a23ee0] Heap_lock - owner thread: 0x0000014ba9a28ef0

Heap address: 0x0000000702600000, size: 4058 MB, Compressed Oops mode: Zero based, Oop shift amount: 3

CDS archive(s) mapped at: [0x0000000000000000-0x0000000000000000-0x0000000000000000), size 0, SharedBaseAddress: 0x0000000800000000, ArchiveRelocationMode: 0.
Narrow klass base: 0x0000000000000000, Narrow klass shift: 0, Narrow klass range: 0x0

GC Precious Log:
 CardTable entry size: 512
 Card Set container configuration: InlinePtr #cards 4 size 8 Array Of Cards #cards 16 size 48 Howl #buckets 8 coarsen threshold 3686 Howl Bitmap #cards 512 size 80 coarsen threshold 460 Card regions per heap region 1 cards per card region 4096

Heap:
 garbage-first heap   total 0K, used 0K [0x0000000702600000, 0x0000000800000000)
  region size 2048K, 0 young (0K), 0 survivors (0K)

[error occurred during error reporting (printing heap information), id 0xc0000005, EXCEPTION_ACCESS_VIOLATION (0xc0000005) at pc=0x00007ffa786e6649]

GC Heap History (0 events):
No events

Dll operation events (1 events):
Event: 0.005 Loaded shared library C:\Program Files\Java\jdk-19\bin\java.dll

Deoptimization events (0 events):
No events

Classes loaded (0 events):
No events

Classes unloaded (0 events):
No events

Classes redefined (0 events):
No events

Internal exceptions (0 events):
No events

VM Operations (0 events):
No events

Events (0 events):
No events


Dynamic libraries:
0x00007ff654c60000 - 0x00007ff654c70000 	C:\Program Files\Java\jdk-19\bin\java.exe
0x00007ffb00bd0000 - 0x00007ffb00dc8000 	C:\Windows\SYSTEM32\ntdll.dll
0x00007ffafefd0000 - 0x00007ffaff08f000 	C:\Windows\System32\KERNEL32.DLL
0x00007ffafe550000 - 0x00007ffafe822000 	C:\Windows\System32\KERNELBASE.dll
0x00007ffafe420000 - 0x00007ffafe520000 	C:\Windows\System32\ucrtbase.dll
0x00007ffafb990000 - 0x00007ffafb9ab000 	C:\Program Files\Java\jdk-19\bin\VCRUNTIME140.dll
0x00007ffab6230000 - 0x00007ffab6248000 	C:\Program Files\Java\jdk-19\bin\jli.dll
0x00007ffafed10000 - 0x00007ffafedbe000 	C:\Windows\System32\ADVAPI32.dll
0x00007ffafff80000 - 0x00007ffb0001e000 	C:\Windows\System32\msvcrt.dll
0x00007ffafec70000 - 0x00007ffafed0c000 	C:\Windows\System32\sechost.dll
0x00007ffaff100000 - 0x00007ffaff225000 	C:\Windows\System32\RPCRT4.dll
0x00007ffaffdd0000 - 0x00007ffafff71000 	C:\Windows\System32\USER32.dll
0x00007ffafe2c0000 - 0x00007ffafe2e2000 	C:\Windows\System32\win32u.dll
0x00007ffb00020000 - 0x00007ffb0004b000 	C:\Windows\System32\GDI32.dll
0x00007ffaea460000 - 0x00007ffaea6fa000 	C:\Windows\WinSxS\amd64_microsoft.windows.common-controls_6595b64144ccf1df_6.0.19041.1110_none_60b5254171f9507e\COMCTL32.dll
0x00007ffafea90000 - 0x00007ffafeb9f000 	C:\Windows\System32\gdi32full.dll
0x00007ffafe2f0000 - 0x00007ffafe38d000 	C:\Windows\System32\msvcp_win.dll
0x00007ffaf7230000 - 0x00007ffaf723a000 	C:\Windows\SYSTEM32\VERSION.dll
0x00007ffaff7a0000 - 0x00007ffaff7d2000 	C:\Windows\System32\IMM32.DLL
0x00007ffaf2980000 - 0x00007ffaf298c000 	C:\Program Files\Java\jdk-19\bin\vcruntime140_1.dll
0x00007ffa876f0000 - 0x00007ffa8777e000 	C:\Program Files\Java\jdk-19\bin\msvcp140.dll
0x00007ffa77fa0000 - 0x00007ffa78c60000 	C:\Program Files\Java\jdk-19\bin\server\jvm.dll
0x00007ffaf8da0000 - 0x00007ffaf8da9000 	C:\Windows\SYSTEM32\WSOCK32.dll
0x00007ffaedde0000 - 0x00007ffaede07000 	C:\Windows\SYSTEM32\WINMM.dll
0x00007ffaff090000 - 0x00007ffaff0fb000 	C:\Windows\System32\WS2_32.dll
0x00007ffafc180000 - 0x00007ffafc192000 	C:\Windows\SYSTEM32\kernel.appcore.dll
0x00007ffae8730000 - 0x00007ffae873a000 	C:\Program Files\Java\jdk-19\bin\jimage.dll
0x00007ffaec2d0000 - 0x00007ffaec4b4000 	C:\Windows\SYSTEM32\DBGHELP.DLL
0x00007ffae3f80000 - 0x00007ffae3fb5000 	C:\Windows\SYSTEM32\dbgcore.DLL
0x00007ffafe390000 - 0x00007ffafe412000 	C:\Windows\System32\bcryptPrimitives.dll
0x00007ffa97830000 - 0x00007ffa97856000 	C:\Program Files\Java\jdk-19\bin\java.dll

dbghelp: loaded successfully - version: 4.0.5 - missing functions: none
symbol engine: initialized successfully - sym options: 0x614 - pdb path: .;C:\Program Files\Java\jdk-19\bin;C:\Windows\SYSTEM32;C:\Windows\WinSxS\amd64_microsoft.windows.common-controls_6595b64144ccf1df_6.0.19041.1110_none_60b5254171f9507e;C:\Program Files\Java\jdk-19\bin\server

VM Arguments:
jvm_args: -Dfile.encoding=UTF-8 --module-path=D:\record\Hospital Management System\build\classes 
java_command: hospital.management.system.HospitalManagementSystem
java_class_path (initial): D:\record\Hospital Management System\build\classes
Launcher Type: SUN_STANDARD

[Global flags]
     intx CICompilerCount                          = 4                                         {product} {ergonomic}
     uint ConcGCThreads                            = 3                                         {product} {ergonomic}
     uint G1ConcRefinementThreads                  = 10                                        {product} {ergonomic}
   size_t G1HeapRegionSize                         = 2097152                                   {product} {ergonomic}
    uintx GCDrainStackTargetSize                   = 64                                        {product} {ergonomic}
   size_t InitialHeapSize                          = 266338304                                 {product} {ergonomic}
   size_t MarkStackSize                            = 4194304                                   {product} {ergonomic}
   size_t MaxHeapSize                              = 4255121408                                {product} {ergonomic}
   size_t MinHeapDeltaBytes                        = 2097152                                   {product} {ergonomic}
   size_t MinHeapSize                              = 8388608                                   {product} {ergonomic}
    uintx NonNMethodCodeHeapSize                   = 5839372                                {pd product} {ergonomic}
    uintx NonProfiledCodeHeapSize                  = 122909434                              {pd product} {ergonomic}
    uintx ProfiledCodeHeapSize                     = 122909434                              {pd product} {ergonomic}
    uintx ReservedCodeCacheSize                    = 251658240                              {pd product} {ergonomic}
     bool SegmentedCodeCache                       = true                                      {product} {ergonomic}
   size_t SoftMaxHeapSize                          = 4255121408                             {manageable} {ergonomic}
     bool UseCompressedClassPointers               = true                           {product lp64_product} {ergonomic}
     bool UseCompressedOops                        = true                           {product lp64_product} {ergonomic}
     bool UseG1GC                                  = true                                      {product} {ergonomic}
     bool UseLargePagesIndividualAllocation        = false                                  {pd product} {ergonomic}

Logging:
Log output configuration:
 #0: stdout all=warning uptime,level,tags foldmultilines=false
 #1: stderr all=off uptime,level,tags foldmultilines=false

Environment Variables:
JAVA_HOME=C:\Program Files\Java\jdk-19
PATH=C:\Program Files\Common Files\Oracle\Java\javapath;C:\Windows\system32;C:\Windows;C:\Windows\System32\Wbem;C:\Windows\System32\WindowsPowerShell\v1.0\;C:\Windows\System32\OpenSSH\;C:\Program Files\Git\cmd;C:\Program Files\NVIDIA Corporation\NVIDIA NvDLISR;C:\Program Files (x86)\NVIDIA Corporation\PhysX\Common;C:\Program Files\Java\jdk-19\bin;C:\Program Files\MySQL\MySQL Shell 8.0\bin\;C:\Users\mumin\anaconda3;C:\Users\mumin\anaconda3\Library\mingw-w64\bin;C:\Users\mumin\anaconda3\Library\usr\bin;C:\Users\mumin\anaconda3\Library\bin;C:\Users\mumin\anaconda3\Scripts;C:\Users\mumin\AppData\Local\Programs\Python\Python39\Scripts\;C:\Users\mumin\AppData\Local\Programs\Python\Python39\;C:\Users\mumin\AppData\Local\Microsoft\WindowsApps;C:\Users\mumin\AppData\Local\Programs\Microsoft VS Code\bin
USERNAME=mumin
OS=Windows_NT
PROCESSOR_IDENTIFIER=Intel64 Family 6 Model 158 Stepping 10, GenuineIntel
TMP=C:\Users\mumin\AppData\Local\Temp
TEMP=C:\Users\mumin\AppData\Local\Temp



---------------  S Y S T E M  ---------------

OS:
 Windows 10 , 64 bit Build 19041 (10.0.19041.2364)
OS uptime: 2 days 3:15 hours

CPU: total 12 (initial active 12) (6 cores per cpu, 2 threads per core) family 6 model 158 stepping 10 microcode 0xb4, cx8, cmov, fxsr, ht, mmx, 3dnowpref, sse, sse2, sse3, ssse3, sse4.1, sse4.2, popcnt, lzcnt, tsc, tscinvbit, avx, avx2, aes, erms, clmul, bmi1, bmi2, adx, fma, vzeroupper, clflush, clflushopt, rdtscp

Memory: 4k page, system-wide physical 16226M (5589M free)
TotalPageFile size 30996M (AvailPageFile size 19M)
current process WorkingSet (physical memory assigned to process): 10M, peak: 10M
current process commit charge ("private bytes"): 64M, peak: 318M

vm_info: Java HotSpot(TM) 64-Bit Server VM (19.0.2+7-44) for windows-amd64 JRE (19.0.2+7-44), built on 2022-11-30T18:02:09Z by "mach5one" with MS VC++ 17.1 (VS2022)

END.
