#
# There is insufficient memory for the Java Runtime Environment to continue.
# Native memory allocation (mmap) failed to map 65536 bytes for Failed to commit metaspace.
# Possible reasons:
#   The system is out of physical RAM or swap space
#   The process is running with CompressedOops enabled, and the Java Heap may be blocking the growth of the native heap
# Possible solutions:
#   Reduce memory load on the system
#   Increase physical memory or swap space
#   Check if swap backing store is full
#   Decrease Java heap size (-Xmx/-Xms)
#   Decrease number of Java threads
#   Decrease Java thread stack sizes (-Xss)
#   Set larger code cache with -XX:ReservedCodeCacheSize=
#   JVM is running with Zero Based Compressed Oops mode in which the Java heap is
#     placed in the first 32GB address space. The Java Heap base address is the
#     maximum limit for the native heap growth. Please use -XX:HeapBaseMinAddress
#     to set the Java Heap base and to place the Java Heap above 32GB virtual address.
# This output file may be truncated or incomplete.
#
#  Out of Memory Error (virtualSpaceNode.cpp:110), pid=24160, tid=24228
#
# JRE version: Java(TM) SE Runtime Environment (19.0.2+7) (build 19.0.2+7-44)
# Java VM: Java HotSpot(TM) 64-Bit Server VM (19.0.2+7-44, mixed mode, tiered, compressed oops, compressed class ptrs, g1 gc, windows-amd64)
# No core dump will be written. Minidumps are not enabled by default on client versions of Windows
#

---------------  S U M M A R Y ------------

Command Line: -Dfile.encoding=UTF-8 --module-path=D:\record\Hospital Management System\build\classes hospital.management.system.HospitalManagementSystem

Host: Intel(R) Core(TM) i7-8750H CPU @ 2.20GHz, 12 cores, 15G,  Windows 10 , 64 bit Build 19041 (10.0.19041.2364)
Time: Sun Jan 22 22:19:06 2023 Bangladesh Standard Time elapsed time: 0.125479 seconds (0d 0h 0m 0s)

---------------  T H R E A D  ---------------

Current thread (0x000001ebc3ad8e70):  JavaThread "main" [_thread_in_vm, id=24228, stack(0x0000008a3e800000,0x0000008a3e900000)]

Stack: [0x0000008a3e800000,0x0000008a3e900000]
Native frames: (J=compiled Java code, j=interpreted, Vv=VM code, C=native code)
V  [jvm.dll+0x6ee21a]
V  [jvm.dll+0x85765e]
V  [jvm.dll+0x85904e]
V  [jvm.dll+0x859703]
V  [jvm.dll+0x28298f]
V  [jvm.dll+0x8532db]
V  [jvm.dll+0x692cb6]
V  [jvm.dll+0x692d1a]
V  [jvm.dll+0x695613]
V  [jvm.dll+0x6954de]
V  [jvm.dll+0x6936de]
V  [jvm.dll+0x69dd07]
V  [jvm.dll+0x21e072]
V  [jvm.dll+0x21e5a5]
V  [jvm.dll+0x21ef01]
V  [jvm.dll+0x2146a1]
V  [jvm.dll+0x5a9cb6]
V  [jvm.dll+0x2257aa]
V  [jvm.dll+0x7cc802]
V  [jvm.dll+0x7cdc4a]
V  [jvm.dll+0x7cdf78]
V  [jvm.dll+0x271e1b]
V  [jvm.dll+0x27203f]
V  [jvm.dll+0x5cb4e8]
V  [jvm.dll+0x5ce447]
V  [jvm.dll+0x3ddda7]
V  [jvm.dll+0x3dd3ff]
C  0x000001ebd477c1b7

Java frames: (J=compiled Java code, j=interpreted, Vv=VM code)
j  jdk.internal.jimage.ImageReader.open(Ljava/nio/file/Path;Ljava/nio/ByteOrder;)Ljdk/internal/jimage/ImageReader;+12 java.base@19.0.2
j  jdk.internal.jimage.ImageReader.open(Ljava/nio/file/Path;)Ljdk/internal/jimage/ImageReader;+4 java.base@19.0.2
j  jdk.internal.jimage.ImageReaderFactory$1.apply(Ljava/nio/file/Path;)Ljdk/internal/jimage/ImageReader;+1 java.base@19.0.2
j  jdk.internal.jimage.ImageReaderFactory$1.apply(Ljava/lang/Object;)Ljava/lang/Object;+5 java.base@19.0.2
j  java.util.concurrent.ConcurrentHashMap.computeIfAbsent(Ljava/lang/Object;Ljava/util/function/Function;)Ljava/lang/Object;+115 java.base@19.0.2
j  jdk.internal.jimage.ImageReaderFactory.get(Ljava/nio/file/Path;)Ljdk/internal/jimage/ImageReader;+12 java.base@19.0.2
j  jdk.internal.jimage.ImageReaderFactory.getImageReader()Ljdk/internal/jimage/ImageReader;+3 java.base@19.0.2
j  jdk.internal.module.SystemModuleFinders$SystemImage.<clinit>()V+0 java.base@19.0.2
v  ~StubRoutines::call_stub 0x000001ebd475100e
j  jdk.internal.module.SystemModuleFinders$SystemModuleReader.containsImageLocation(Ljava/lang/String;)Z+22 java.base@19.0.2
j  jdk.internal.module.SystemModuleFinders$SystemModuleReader.find(Ljava/lang/String;)Ljava/util/Optional;+2 java.base@19.0.2
j  jdk.internal.loader.BuiltinClassLoader$2.run()Ljava/util/List;+51 java.base@19.0.2
j  jdk.internal.loader.BuiltinClassLoader$2.run()Ljava/lang/Object;+1 java.base@19.0.2
j  java.security.AccessController.executePrivileged(Ljava/security/PrivilegedExceptionAction;Ljava/security/AccessControlContext;Ljava/lang/Class;)Ljava/lang/Object;+29 java.base@19.0.2
j  java.security.AccessController.doPrivileged(Ljava/security/PrivilegedExceptionAction;)Ljava/lang/Object;+9 java.base@19.0.2
j  jdk.internal.loader.BuiltinClassLoader.findMiscResource(Ljava/lang/String;)Ljava/util/List;+83 java.base@19.0.2
j  jdk.internal.loader.BuiltinClassLoader.findResources(Ljava/lang/String;)Ljava/util/Enumeration;+107 java.base@19.0.2
j  jdk.internal.loader.BootLoader.findResources(Ljava/lang/String;)Ljava/util/Enumeration;+4 java.base@19.0.2
j  java.lang.ClassLoader.getResources(Ljava/lang/String;)Ljava/util/Enumeration;+34 java.base@19.0.2
j  java.lang.ClassLoader.getResources(Ljava/lang/String;)Ljava/util/Enumeration;+24 java.base@19.0.2
j  java.util.ServiceLoader$LazyClassPathLookupIterator.nextProviderClass()Ljava/lang/Class;+106 java.base@19.0.2
j  java.util.ServiceLoader$LazyClassPathLookupIterator.hasNextService()Z+15 java.base@19.0.2
j  java.util.ServiceLoader$LazyClassPathLookupIterator.hasNext()Z+11 java.base@19.0.2
j  java.util.ServiceLoader$2.hasNext()Z+16 java.base@19.0.2
j  java.util.ServiceLoader$3.hasNext()Z+32 java.base@19.0.2
j  jdk.internal.logger.BootstrapLogger$DetectBackend$1.run()Ljdk/internal/logger/BootstrapLogger$LoggingBackend;+13 java.base@19.0.2
j  jdk.internal.logger.BootstrapLogger$DetectBackend$1.run()Ljava/lang/Object;+1 java.base@19.0.2
j  java.security.AccessController.executePrivileged(Ljava/security/PrivilegedAction;Ljava/security/AccessControlContext;Ljava/lang/Class;)Ljava/lang/Object;+29 java.base@19.0.2
j  java.security.AccessController.doPrivileged(Ljava/security/PrivilegedAction;)Ljava/lang/Object;+5 java.base@19.0.2
j  jdk.internal.logger.BootstrapLogger$DetectBackend.<clinit>()V+7 java.base@19.0.2
v  ~StubRoutines::call_stub 0x000001ebd475100e
j  jdk.internal.logger.BootstrapLogger.useLazyLoggers()Z+6 java.base@19.0.2
j  jdk.internal.logger.LazyLoggers.getLazyLogger(Ljava/lang/String;Ljava/lang/Module;)Ljava/lang/System$Logger;+0 java.base@19.0.2
j  sun.util.logging.PlatformLogger.getLogger(Ljava/lang/String;)Lsun/util/logging/PlatformLogger;+41 java.base@19.0.2
j  java.awt.Component.<clinit>()V+19 java.desktop@19.0.2
v  ~StubRoutines::call_stub 0x000001ebd475100e

---------------  P R O C E S S  ---------------

Threads class SMR info:
_java_thread_list=0x000001eb8427d680, length=12, elements={
0x000001ebc3ad8e70, 0x000001ebe928e750, 0x000001eb8406f660, 0x000001eb84070990,
0x000001eb840718d0, 0x000001eb8405a870, 0x000001eb8405b1a0, 0x000001eb8405be00,
0x000001eb8405c8b0, 0x000001eb8407a230, 0x000001ebe9210d90, 0x000001eb8431aa20
}

Java Threads: ( => current thread )
=>0x000001ebc3ad8e70 JavaThread "main" [_thread_in_vm, id=24228, stack(0x0000008a3e800000,0x0000008a3e900000)]
  0x000001ebe928e750 JavaThread "Reference Handler" daemon [_thread_blocked, id=24256, stack(0x0000008a3ef00000,0x0000008a3f000000)]
  0x000001eb8406f660 JavaThread "Finalizer" daemon [_thread_blocked, id=24260, stack(0x0000008a3f000000,0x0000008a3f100000)]
  0x000001eb84070990 JavaThread "Signal Dispatcher" daemon [_thread_blocked, id=24264, stack(0x0000008a3f100000,0x0000008a3f200000)]
  0x000001eb840718d0 JavaThread "Attach Listener" daemon [_thread_blocked, id=24268, stack(0x0000008a3f200000,0x0000008a3f300000)]
  0x000001eb8405a870 JavaThread "Service Thread" daemon [_thread_blocked, id=24272, stack(0x0000008a3f300000,0x0000008a3f400000)]
  0x000001eb8405b1a0 JavaThread "Monitor Deflation Thread" daemon [_thread_blocked, id=24276, stack(0x0000008a3f400000,0x0000008a3f500000)]
  0x000001eb8405be00 JavaThread "C2 CompilerThread0" daemon [_thread_blocked, id=24280, stack(0x0000008a3f500000,0x0000008a3f600000)]
  0x000001eb8405c8b0 JavaThread "C1 CompilerThread0" daemon [_thread_blocked, id=24284, stack(0x0000008a3f600000,0x0000008a3f700000)]
  0x000001eb8407a230 JavaThread "Sweeper thread" daemon [_thread_blocked, id=24288, stack(0x0000008a3f700000,0x0000008a3f800000)]
  0x000001ebe9210d90 JavaThread "Common-Cleaner" daemon [_thread_blocked, id=24296, stack(0x0000008a3f800000,0x0000008a3f900000)]
  0x000001eb8431aa20 JavaThread "Notification Thread" daemon [_thread_blocked, id=24300, stack(0x0000008a3f900000,0x0000008a3fa00000)]

Other Threads:
  0x000001ebe9282040 VMThread "VM Thread" [stack: 0x0000008a3ee00000,0x0000008a3ef00000] [id=24252]
  0x000001eb8431af60 WatcherThread "VM Periodic Task Thread" [stack: 0x0000008a3fa00000,0x0000008a3fb00000] [id=24304]
  0x000001ebc3b4a0d0 WorkerThread "GC Thread#0" [stack: 0x0000008a3e900000,0x0000008a3ea00000] [id=24232]
  0x000001ebc3b5bdd0 ConcurrentGCThread "G1 Main Marker" [stack: 0x0000008a3ea00000,0x0000008a3eb00000] [id=24236]
  0x000001ebc3b5c9a0 WorkerThread "G1 Conc#0" [stack: 0x0000008a3eb00000,0x0000008a3ec00000] [id=24240]
  0x000001ebc3bae580 ConcurrentGCThread "G1 Refine#0" [stack: 0x0000008a3ec00000,0x0000008a3ed00000] [id=24244]
  0x000001ebe90df2a0 ConcurrentGCThread "G1 Service" [stack: 0x0000008a3ed00000,0x0000008a3ee00000] [id=24248]

Threads with active compile tasks:

VM state: not at safepoint (normal execution)

VM Mutex/Monitor currently owned by a thread:  ([mutex/lock_event])
[0x000001ebc3ad2510] Metaspace_lock - owner thread: 0x000001ebc3ad8e70

Heap address: 0x0000000702600000, size: 4058 MB, Compressed Oops mode: Zero based, Oop shift amount: 3

CDS archive(s) not mapped
Compressed class space mapped at: 0x0000000800000000-0x0000000840000000, reserved size: 1073741824
Narrow klass base: 0x0000000800000000, Narrow klass shift: 0, Narrow klass range: 0x40000000

GC Precious Log:
 CardTable entry size: 512
 Card Set container configuration: InlinePtr #cards 4 size 8 Array Of Cards #cards 16 size 48 Howl #buckets 8 coarsen threshold 3686 Howl Bitmap #cards 512 size 80 coarsen threshold 460 Card regions per heap region 1 cards per card region 4096
 CPUs: 12 total, 12 available
 Memory: 16226M
 Large Page Support: Disabled
 NUMA Support: Disabled
 Compressed Oops: Enabled (Zero based)
 Heap Region Size: 2M
 Heap Min Capacity: 8M
 Heap Initial Capacity: 254M
 Heap Max Capacity: 4058M
 Pre-touch: Disabled
 Parallel Workers: 10
 Concurrent Workers: 3
 Concurrent Refinement Workers: 10
 Periodic GC: Disabled

Heap:
 garbage-first heap   total 260096K, used 2048K [0x0000000702600000, 0x0000000800000000)
  region size 2048K, 2 young (4096K), 0 survivors (0K)
 Metaspace       used 7114K, committed 7232K, reserved 1114112K
  class space    used 588K, committed 704K, reserved 1048576K

Heap Regions: E=young(eden), S=young(survivor), O=old, HS=humongous(starts), HC=humongous(continues), CS=collection set, F=free, OA=open archive, CA=closed archive, TAMS=top-at-mark-start (previous, next)
|   0|0x0000000702600000, 0x0000000702600000, 0x0000000702800000|  0%| F|  |TAMS 0x0000000702600000, 0x0000000702600000| Untracked 
|   1|0x0000000702800000, 0x0000000702800000, 0x0000000702a00000|  0%| F|  |TAMS 0x0000000702800000, 0x0000000702800000| Untracked 
|   2|0x0000000702a00000, 0x0000000702a00000, 0x0000000702c00000|  0%| F|  |TAMS 0x0000000702a00000, 0x0000000702a00000| Untracked 
|   3|0x0000000702c00000, 0x0000000702c00000, 0x0000000702e00000|  0%| F|  |TAMS 0x0000000702c00000, 0x0000000702c00000| Untracked 
|   4|0x0000000702e00000, 0x0000000702e00000, 0x0000000703000000|  0%| F|  |TAMS 0x0000000702e00000, 0x0000000702e00000| Untracked 
|   5|0x0000000703000000, 0x0000000703000000, 0x0000000703200000|  0%| F|  |TAMS 0x0000000703000000, 0x0000000703000000| Untracked 
|   6|0x0000000703200000, 0x0000000703200000, 0x0000000703400000|  0%| F|  |TAMS 0x0000000703200000, 0x0000000703200000| Untracked 
|   7|0x0000000703400000, 0x0000000703400000, 0x0000000703600000|  0%| F|  |TAMS 0x0000000703400000, 0x0000000703400000| Untracked 
|   8|0x0000000703600000, 0x0000000703600000, 0x0000000703800000|  0%| F|  |TAMS 0x0000000703600000, 0x0000000703600000| Untracked 
|   9|0x0000000703800000, 0x0000000703800000, 0x0000000703a00000|  0%| F|  |TAMS 0x0000000703800000, 0x0000000703800000| Untracked 
|  10|0x0000000703a00000, 0x0000000703a00000, 0x0000000703c00000|  0%| F|  |TAMS 0x0000000703a00000, 0x0000000703a00000| Untracked 
|  11|0x0000000703c00000, 0x0000000703c00000, 0x0000000703e00000|  0%| F|  |TAMS 0x0000000703c00000, 0x0000000703c00000| Untracked 
|  12|0x0000000703e00000, 0x0000000703e00000, 0x0000000704000000|  0%| F|  |TAMS 0x0000000703e00000, 0x0000000703e00000| Untracked 
|  13|0x0000000704000000, 0x0000000704000000, 0x0000000704200000|  0%| F|  |TAMS 0x0000000704000000, 0x0000000704000000| Untracked 
|  14|0x0000000704200000, 0x0000000704200000, 0x0000000704400000|  0%| F|  |TAMS 0x0000000704200000, 0x0000000704200000| Untracked 
|  15|0x0000000704400000, 0x0000000704400000, 0x0000000704600000|  0%| F|  |TAMS 0x0000000704400000, 0x0000000704400000| Untracked 
|  16|0x0000000704600000, 0x0000000704600000, 0x0000000704800000|  0%| F|  |TAMS 0x0000000704600000, 0x0000000704600000| Untracked 
|  17|0x0000000704800000, 0x0000000704800000, 0x0000000704a00000|  0%| F|  |TAMS 0x0000000704800000, 0x0000000704800000| Untracked 
|  18|0x0000000704a00000, 0x0000000704a00000, 0x0000000704c00000|  0%| F|  |TAMS 0x0000000704a00000, 0x0000000704a00000| Untracked 
|  19|0x0000000704c00000, 0x0000000704c00000, 0x0000000704e00000|  0%| F|  |TAMS 0x0000000704c00000, 0x0000000704c00000| Untracked 
|  20|0x0000000704e00000, 0x0000000704e00000, 0x0000000705000000|  0%| F|  |TAMS 0x0000000704e00000, 0x0000000704e00000| Untracked 
|  21|0x0000000705000000, 0x0000000705000000, 0x0000000705200000|  0%| F|  |TAMS 0x0000000705000000, 0x0000000705000000| Untracked 
|  22|0x0000000705200000, 0x0000000705200000, 0x0000000705400000|  0%| F|  |TAMS 0x0000000705200000, 0x0000000705200000| Untracked 
|  23|0x0000000705400000, 0x0000000705400000, 0x0000000705600000|  0%| F|  |TAMS 0x0000000705400000, 0x0000000705400000| Untracked 
|  24|0x0000000705600000, 0x0000000705600000, 0x0000000705800000|  0%| F|  |TAMS 0x0000000705600000, 0x0000000705600000| Untracked 
|  25|0x0000000705800000, 0x0000000705800000, 0x0000000705a00000|  0%| F|  |TAMS 0x0000000705800000, 0x0000000705800000| Untracked 
|  26|0x0000000705a00000, 0x0000000705a00000, 0x0000000705c00000|  0%| F|  |TAMS 0x0000000705a00000, 0x0000000705a00000| Untracked 
|  27|0x0000000705c00000, 0x0000000705c00000, 0x0000000705e00000|  0%| F|  |TAMS 0x0000000705c00000, 0x0000000705c00000| Untracked 
|  28|0x0000000705e00000, 0x0000000705e00000, 0x0000000706000000|  0%| F|  |TAMS 0x0000000705e00000, 0x0000000705e00000| Untracked 
|  29|0x0000000706000000, 0x0000000706000000, 0x0000000706200000|  0%| F|  |TAMS 0x0000000706000000, 0x0000000706000000| Untracked 
|  30|0x0000000706200000, 0x0000000706200000, 0x0000000706400000|  0%| F|  |TAMS 0x0000000706200000, 0x0000000706200000| Untracked 
|  31|0x0000000706400000, 0x0000000706400000, 0x0000000706600000|  0%| F|  |TAMS 0x0000000706400000, 0x0000000706400000| Untracked 
|  32|0x0000000706600000, 0x0000000706600000, 0x0000000706800000|  0%| F|  |TAMS 0x0000000706600000, 0x0000000706600000| Untracked 
|  33|0x0000000706800000, 0x0000000706800000, 0x0000000706a00000|  0%| F|  |TAMS 0x0000000706800000, 0x0000000706800000| Untracked 
|  34|0x0000000706a00000, 0x0000000706a00000, 0x0000000706c00000|  0%| F|  |TAMS 0x0000000706a00000, 0x0000000706a00000| Untracked 
|  35|0x0000000706c00000, 0x0000000706c00000, 0x0000000706e00000|  0%| F|  |TAMS 0x0000000706c00000, 0x0000000706c00000| Untracked 
|  36|0x0000000706e00000, 0x0000000706e00000, 0x0000000707000000|  0%| F|  |TAMS 0x0000000706e00000, 0x0000000706e00000| Untracked 
|  37|0x0000000707000000, 0x0000000707000000, 0x0000000707200000|  0%| F|  |TAMS 0x0000000707000000, 0x0000000707000000| Untracked 
|  38|0x0000000707200000, 0x0000000707200000, 0x0000000707400000|  0%| F|  |TAMS 0x0000000707200000, 0x0000000707200000| Untracked 
|  39|0x0000000707400000, 0x0000000707400000, 0x0000000707600000|  0%| F|  |TAMS 0x0000000707400000, 0x0000000707400000| Untracked 
|  40|0x0000000707600000, 0x0000000707600000, 0x0000000707800000|  0%| F|  |TAMS 0x0000000707600000, 0x0000000707600000| Untracked 
|  41|0x0000000707800000, 0x0000000707800000, 0x0000000707a00000|  0%| F|  |TAMS 0x0000000707800000, 0x0000000707800000| Untracked 
|  42|0x0000000707a00000, 0x0000000707a00000, 0x0000000707c00000|  0%| F|  |TAMS 0x0000000707a00000, 0x0000000707a00000| Untracked 
|  43|0x0000000707c00000, 0x0000000707c00000, 0x0000000707e00000|  0%| F|  |TAMS 0x0000000707c00000, 0x0000000707c00000| Untracked 
|  44|0x0000000707e00000, 0x0000000707e00000, 0x0000000708000000|  0%| F|  |TAMS 0x0000000707e00000, 0x0000000707e00000| Untracked 
|  45|0x0000000708000000, 0x0000000708000000, 0x0000000708200000|  0%| F|  |TAMS 0x0000000708000000, 0x0000000708000000| Untracked 
|  46|0x0000000708200000, 0x0000000708200000, 0x0000000708400000|  0%| F|  |TAMS 0x0000000708200000, 0x0000000708200000| Untracked 
|  47|0x0000000708400000, 0x0000000708400000, 0x0000000708600000|  0%| F|  |TAMS 0x0000000708400000, 0x0000000708400000| Untracked 
|  48|0x0000000708600000, 0x0000000708600000, 0x0000000708800000|  0%| F|  |TAMS 0x0000000708600000, 0x0000000708600000| Untracked 
|  49|0x0000000708800000, 0x0000000708800000, 0x0000000708a00000|  0%| F|  |TAMS 0x0000000708800000, 0x0000000708800000| Untracked 
|  50|0x0000000708a00000, 0x0000000708a00000, 0x0000000708c00000|  0%| F|  |TAMS 0x0000000708a00000, 0x0000000708a00000| Untracked 
|  51|0x0000000708c00000, 0x0000000708c00000, 0x0000000708e00000|  0%| F|  |TAMS 0x0000000708c00000, 0x0000000708c00000| Untracked 
|  52|0x0000000708e00000, 0x0000000708e00000, 0x0000000709000000|  0%| F|  |TAMS 0x0000000708e00000, 0x0000000708e00000| Untracked 
|  53|0x0000000709000000, 0x0000000709000000, 0x0000000709200000|  0%| F|  |TAMS 0x0000000709000000, 0x0000000709000000| Untracked 
|  54|0x0000000709200000, 0x0000000709200000, 0x0000000709400000|  0%| F|  |TAMS 0x0000000709200000, 0x0000000709200000| Untracked 
|  55|0x0000000709400000, 0x0000000709400000, 0x0000000709600000|  0%| F|  |TAMS 0x0000000709400000, 0x0000000709400000| Untracked 
|  56|0x0000000709600000, 0x0000000709600000, 0x0000000709800000|  0%| F|  |TAMS 0x0000000709600000, 0x0000000709600000| Untracked 
|  57|0x0000000709800000, 0x0000000709800000, 0x0000000709a00000|  0%| F|  |TAMS 0x0000000709800000, 0x0000000709800000| Untracked 
|  58|0x0000000709a00000, 0x0000000709a00000, 0x0000000709c00000|  0%| F|  |TAMS 0x0000000709a00000, 0x0000000709a00000| Untracked 
|  59|0x0000000709c00000, 0x0000000709c00000, 0x0000000709e00000|  0%| F|  |TAMS 0x0000000709c00000, 0x0000000709c00000| Untracked 
|  60|0x0000000709e00000, 0x0000000709e00000, 0x000000070a000000|  0%| F|  |TAMS 0x0000000709e00000, 0x0000000709e00000| Untracked 
|  61|0x000000070a000000, 0x000000070a000000, 0x000000070a200000|  0%| F|  |TAMS 0x000000070a000000, 0x000000070a000000| Untracked 
|  62|0x000000070a200000, 0x000000070a200000, 0x000000070a400000|  0%| F|  |TAMS 0x000000070a200000, 0x000000070a200000| Untracked 
|  63|0x000000070a400000, 0x000000070a400000, 0x000000070a600000|  0%| F|  |TAMS 0x000000070a400000, 0x000000070a400000| Untracked 
|  64|0x000000070a600000, 0x000000070a600000, 0x000000070a800000|  0%| F|  |TAMS 0x000000070a600000, 0x000000070a600000| Untracked 
|  65|0x000000070a800000, 0x000000070a800000, 0x000000070aa00000|  0%| F|  |TAMS 0x000000070a800000, 0x000000070a800000| Untracked 
|  66|0x000000070aa00000, 0x000000070aa00000, 0x000000070ac00000|  0%| F|  |TAMS 0x000000070aa00000, 0x000000070aa00000| Untracked 
|  67|0x000000070ac00000, 0x000000070ac00000, 0x000000070ae00000|  0%| F|  |TAMS 0x000000070ac00000, 0x000000070ac00000| Untracked 
|  68|0x000000070ae00000, 0x000000070ae00000, 0x000000070b000000|  0%| F|  |TAMS 0x000000070ae00000, 0x000000070ae00000| Untracked 
|  69|0x000000070b000000, 0x000000070b000000, 0x000000070b200000|  0%| F|  |TAMS 0x000000070b000000, 0x000000070b000000| Untracked 
|  70|0x000000070b200000, 0x000000070b200000, 0x000000070b400000|  0%| F|  |TAMS 0x000000070b200000, 0x000000070b200000| Untracked 
|  71|0x000000070b400000, 0x000000070b400000, 0x000000070b600000|  0%| F|  |TAMS 0x000000070b400000, 0x000000070b400000| Untracked 
|  72|0x000000070b600000, 0x000000070b600000, 0x000000070b800000|  0%| F|  |TAMS 0x000000070b600000, 0x000000070b600000| Untracked 
|  73|0x000000070b800000, 0x000000070b800000, 0x000000070ba00000|  0%| F|  |TAMS 0x000000070b800000, 0x000000070b800000| Untracked 
|  74|0x000000070ba00000, 0x000000070ba00000, 0x000000070bc00000|  0%| F|  |TAMS 0x000000070ba00000, 0x000000070ba00000| Untracked 
|  75|0x000000070bc00000, 0x000000070bc00000, 0x000000070be00000|  0%| F|  |TAMS 0x000000070bc00000, 0x000000070bc00000| Untracked 
|  76|0x000000070be00000, 0x000000070be00000, 0x000000070c000000|  0%| F|  |TAMS 0x000000070be00000, 0x000000070be00000| Untracked 
|  77|0x000000070c000000, 0x000000070c000000, 0x000000070c200000|  0%| F|  |TAMS 0x000000070c000000, 0x000000070c000000| Untracked 
|  78|0x000000070c200000, 0x000000070c200000, 0x000000070c400000|  0%| F|  |TAMS 0x000000070c200000, 0x000000070c200000| Untracked 
|  79|0x000000070c400000, 0x000000070c400000, 0x000000070c600000|  0%| F|  |TAMS 0x000000070c400000, 0x000000070c400000| Untracked 
|  80|0x000000070c600000, 0x000000070c600000, 0x000000070c800000|  0%| F|  |TAMS 0x000000070c600000, 0x000000070c600000| Untracked 
|  81|0x000000070c800000, 0x000000070c800000, 0x000000070ca00000|  0%| F|  |TAMS 0x000000070c800000, 0x000000070c800000| Untracked 
|  82|0x000000070ca00000, 0x000000070ca00000, 0x000000070cc00000|  0%| F|  |TAMS 0x000000070ca00000, 0x000000070ca00000| Untracked 
|  83|0x000000070cc00000, 0x000000070cc00000, 0x000000070ce00000|  0%| F|  |TAMS 0x000000070cc00000, 0x000000070cc00000| Untracked 
|  84|0x000000070ce00000, 0x000000070ce00000, 0x000000070d000000|  0%| F|  |TAMS 0x000000070ce00000, 0x000000070ce00000| Untracked 
|  85|0x000000070d000000, 0x000000070d000000, 0x000000070d200000|  0%| F|  |TAMS 0x000000070d000000, 0x000000070d000000| Untracked 
|  86|0x000000070d200000, 0x000000070d200000, 0x000000070d400000|  0%| F|  |TAMS 0x000000070d200000, 0x000000070d200000| Untracked 
|  87|0x000000070d400000, 0x000000070d400000, 0x000000070d600000|  0%| F|  |TAMS 0x000000070d400000, 0x000000070d400000| Untracked 
|  88|0x000000070d600000, 0x000000070d600000, 0x000000070d800000|  0%| F|  |TAMS 0x000000070d600000, 0x000000070d600000| Untracked 
|  89|0x000000070d800000, 0x000000070d800000, 0x000000070da00000|  0%| F|  |TAMS 0x000000070d800000, 0x000000070d800000| Untracked 
|  90|0x000000070da00000, 0x000000070da00000, 0x000000070dc00000|  0%| F|  |TAMS 0x000000070da00000, 0x000000070da00000| Untracked 
|  91|0x000000070dc00000, 0x000000070dc00000, 0x000000070de00000|  0%| F|  |TAMS 0x000000070dc00000, 0x000000070dc00000| Untracked 
|  92|0x000000070de00000, 0x000000070de00000, 0x000000070e000000|  0%| F|  |TAMS 0x000000070de00000, 0x000000070de00000| Untracked 
|  93|0x000000070e000000, 0x000000070e000000, 0x000000070e200000|  0%| F|  |TAMS 0x000000070e000000, 0x000000070e000000| Untracked 
|  94|0x000000070e200000, 0x000000070e200000, 0x000000070e400000|  0%| F|  |TAMS 0x000000070e200000, 0x000000070e200000| Untracked 
|  95|0x000000070e400000, 0x000000070e400000, 0x000000070e600000|  0%| F|  |TAMS 0x000000070e400000, 0x000000070e400000| Untracked 
|  96|0x000000070e600000, 0x000000070e600000, 0x000000070e800000|  0%| F|  |TAMS 0x000000070e600000, 0x000000070e600000| Untracked 
|  97|0x000000070e800000, 0x000000070e800000, 0x000000070ea00000|  0%| F|  |TAMS 0x000000070e800000, 0x000000070e800000| Untracked 
|  98|0x000000070ea00000, 0x000000070ea00000, 0x000000070ec00000|  0%| F|  |TAMS 0x000000070ea00000, 0x000000070ea00000| Untracked 
|  99|0x000000070ec00000, 0x000000070ec00000, 0x000000070ee00000|  0%| F|  |TAMS 0x000000070ec00000, 0x000000070ec00000| Untracked 
| 100|0x000000070ee00000, 0x000000070ee00000, 0x000000070f000000|  0%| F|  |TAMS 0x000000070ee00000, 0x000000070ee00000| Untracked 
| 101|0x000000070f000000, 0x000000070f000000, 0x000000070f200000|  0%| F|  |TAMS 0x000000070f000000, 0x000000070f000000| Untracked 
| 102|0x000000070f200000, 0x000000070f200000, 0x000000070f400000|  0%| F|  |TAMS 0x000000070f200000, 0x000000070f200000| Untracked 
| 103|0x000000070f400000, 0x000000070f400000, 0x000000070f600000|  0%| F|  |TAMS 0x000000070f400000, 0x000000070f400000| Untracked 
| 104|0x000000070f600000, 0x000000070f600000, 0x000000070f800000|  0%| F|  |TAMS 0x000000070f600000, 0x000000070f600000| Untracked 
| 105|0x000000070f800000, 0x000000070f800000, 0x000000070fa00000|  0%| F|  |TAMS 0x000000070f800000, 0x000000070f800000| Untracked 
| 106|0x000000070fa00000, 0x000000070fa00000, 0x000000070fc00000|  0%| F|  |TAMS 0x000000070fa00000, 0x000000070fa00000| Untracked 
| 107|0x000000070fc00000, 0x000000070fc00000, 0x000000070fe00000|  0%| F|  |TAMS 0x000000070fc00000, 0x000000070fc00000| Untracked 
| 108|0x000000070fe00000, 0x000000070fe00000, 0x0000000710000000|  0%| F|  |TAMS 0x000000070fe00000, 0x000000070fe00000| Untracked 
| 109|0x0000000710000000, 0x0000000710000000, 0x0000000710200000|  0%| F|  |TAMS 0x0000000710000000, 0x0000000710000000| Untracked 
| 110|0x0000000710200000, 0x0000000710200000, 0x0000000710400000|  0%| F|  |TAMS 0x0000000710200000, 0x0000000710200000| Untracked 
| 111|0x0000000710400000, 0x0000000710400000, 0x0000000710600000|  0%| F|  |TAMS 0x0000000710400000, 0x0000000710400000| Untracked 
| 112|0x0000000710600000, 0x0000000710600000, 0x0000000710800000|  0%| F|  |TAMS 0x0000000710600000, 0x0000000710600000| Untracked 
| 113|0x0000000710800000, 0x0000000710800000, 0x0000000710a00000|  0%| F|  |TAMS 0x0000000710800000, 0x0000000710800000| Untracked 
| 114|0x0000000710a00000, 0x0000000710a00000, 0x0000000710c00000|  0%| F|  |TAMS 0x0000000710a00000, 0x0000000710a00000| Untracked 
| 115|0x0000000710c00000, 0x0000000710c00000, 0x0000000710e00000|  0%| F|  |TAMS 0x0000000710c00000, 0x0000000710c00000| Untracked 
| 116|0x0000000710e00000, 0x0000000710e00000, 0x0000000711000000|  0%| F|  |TAMS 0x0000000710e00000, 0x0000000710e00000| Untracked 
| 117|0x0000000711000000, 0x0000000711000000, 0x0000000711200000|  0%| F|  |TAMS 0x0000000711000000, 0x0000000711000000| Untracked 
| 118|0x0000000711200000, 0x0000000711200000, 0x0000000711400000|  0%| F|  |TAMS 0x0000000711200000, 0x0000000711200000| Untracked 
| 119|0x0000000711400000, 0x0000000711400000, 0x0000000711600000|  0%| F|  |TAMS 0x0000000711400000, 0x0000000711400000| Untracked 
| 120|0x0000000711600000, 0x0000000711600000, 0x0000000711800000|  0%| F|  |TAMS 0x0000000711600000, 0x0000000711600000| Untracked 
| 121|0x0000000711800000, 0x0000000711800000, 0x0000000711a00000|  0%| F|  |TAMS 0x0000000711800000, 0x0000000711800000| Untracked 
| 122|0x0000000711a00000, 0x0000000711a00000, 0x0000000711c00000|  0%| F|  |TAMS 0x0000000711a00000, 0x0000000711a00000| Untracked 
| 123|0x0000000711c00000, 0x0000000711c00000, 0x0000000711e00000|  0%| F|  |TAMS 0x0000000711c00000, 0x0000000711c00000| Untracked 
| 124|0x0000000711e00000, 0x0000000711e00000, 0x0000000712000000|  0%| F|  |TAMS 0x0000000711e00000, 0x0000000711e00000| Untracked 
| 125|0x0000000712000000, 0x0000000712152778, 0x0000000712200000| 66%| E|  |TAMS 0x0000000712000000, 0x0000000712000000| Complete 
| 126|0x0000000712200000, 0x0000000712400000, 0x0000000712400000|100%| E|CS|TAMS 0x0000000712200000, 0x0000000712200000| Complete 

Card table byte_map: [0x000001ebdd6a0000,0x000001ebdde90000] _byte_map_base: 0x000001ebd9e8d000

Marking Bits (Prev, Next): (CMBitMap*) 0x000001ebc3b4b710, (CMBitMap*) 0x000001ebc3b4b750
 Prev Bits: [0x000001ebde680000, 0x000001ebe25e8000)
 Next Bits: [0x000001ebe25f0000, 0x000001ebe6558000)

Polling page: 0x000001ebc3bb0000

Metaspace:

Usage:
  Non-class:      6.37 MB used.
      Class:    588.80 KB used.
       Both:      6.95 MB used.

Virtual space:
  Non-class space:       64.00 MB reserved,       6.38 MB ( 10%) committed,  1 nodes.
      Class space:        1.00 GB reserved,     704.00 KB ( <1%) committed,  1 nodes.
             Both:        1.06 GB reserved,       7.06 MB ( <1%) committed. 

Chunk freelists:
   Non-Class:  1.00 MB
       Class:  3.24 MB
        Both:  4.24 MB

MaxMetaspaceSize: unlimited
CompressedClassSpaceSize: 1.00 GB
Initial GC threshold: 21.00 MB
Current GC threshold: 21.00 MB
CDS: off
MetaspaceReclaimPolicy: balanced
 - commit_granule_bytes: 65536.
 - commit_granule_words: 8192.
 - virtual_space_node_default_size: 8388608.
 - enlarge_chunks_in_place: 1.
 - new_chunks_are_fully_committed: 0.
 - uncommit_free_chunks: 1.
 - use_allocation_guard: 0.


Internal statistics:

num_allocs_failed_limit: 0.
num_arena_births: 8.
num_arena_deaths: 0.
num_vsnodes_births: 2.
num_vsnodes_deaths: 0.
num_space_committed: 113.
num_space_uncommitted: 0.
num_chunks_returned_to_freelist: 0.
num_chunks_taken_from_freelist: 26.
num_chunk_merges: 0.
num_chunk_splits: 8.
num_chunks_enlarged: 2.
num_inconsistent_stats: 0.

CodeHeap 'non-profiled nmethods': size=120000Kb used=68Kb max_used=68Kb free=119931Kb
 bounds [0x000001ebd4cf0000, 0x000001ebd4f60000, 0x000001ebdc220000]
CodeHeap 'profiled nmethods': size=120000Kb used=205Kb max_used=205Kb free=119795Kb
 bounds [0x000001ebcd220000, 0x000001ebcd490000, 0x000001ebd4750000]
CodeHeap 'non-nmethods': size=5760Kb used=1195Kb max_used=1206Kb free=4565Kb
 bounds [0x000001ebd4750000, 0x000001ebd49c0000, 0x000001ebd4cf0000]
 total_blobs=583 nmethods=195 adapters=299
 compilation: enabled
              stopped_count=0, restarted_count=0
 full_count=0

Compilation events (20 events):
Event: 0.111 Thread 0x000001eb8405c8b0 nmethod 188 0x000001ebd4cfea10 code [0x000001ebd4cfeba0, 0x000001ebd4cfec78]
Event: 0.115 Thread 0x000001eb8405c8b0  189       3       java.lang.StringBuilder::append (8 bytes)
Event: 0.115 Thread 0x000001eb8405c8b0 nmethod 189 0x000001ebcd250690 code [0x000001ebcd250840, 0x000001ebcd250988]
Event: 0.115 Thread 0x000001eb8405c8b0  190       3       java.lang.AbstractStringBuilder::append (77 bytes)
Event: 0.115 Thread 0x000001eb8405c8b0 nmethod 190 0x000001ebcd250a10 code [0x000001ebcd250c20, 0x000001ebcd251318]
Event: 0.115 Thread 0x000001eb8405c8b0  192       3       java.lang.StringLatin1::replace (198 bytes)
Event: 0.116 Thread 0x000001eb8405c8b0 nmethod 192 0x000001ebcd251590 code [0x000001ebcd251820, 0x000001ebcd2525a8]
Event: 0.116 Thread 0x000001eb8405c8b0  193       3       java.lang.StringBuilder::length (5 bytes)
Event: 0.116 Thread 0x000001eb8405c8b0 nmethod 193 0x000001ebcd252a90 code [0x000001ebcd252c20, 0x000001ebcd252d38]
Event: 0.118 Thread 0x000001eb8405be00 nmethod 165 0x000001ebd4cfed10 code [0x000001ebd4cfef20, 0x000001ebd4cffaf0]
Event: 0.118 Thread 0x000001eb8405be00  168       4       java.util.HashMap::newNode (13 bytes)
Event: 0.118 Thread 0x000001eb8405be00 nmethod 168 0x000001ebd4d00210 code [0x000001ebd4d003a0, 0x000001ebd4d004b8]
Event: 0.118 Thread 0x000001eb8405be00  191       4       java.lang.String::charAt (25 bytes)
Event: 0.119 Thread 0x000001eb8405be00 nmethod 191 0x000001ebd4d00590 code [0x000001ebd4d00720, 0x000001ebd4d00828]
Event: 0.119 Thread 0x000001eb8405be00  169       4       java.lang.String::equals (56 bytes)
Event: 0.120 Thread 0x000001eb8405be00 nmethod 169 0x000001ebd4d00990 code [0x000001ebd4d00b20, 0x000001ebd4d00d18]
Event: 0.123 Thread 0x000001eb8405c8b0  194       1       java.lang.Module::getDescriptor (5 bytes)
Event: 0.123 Thread 0x000001eb8405c8b0 nmethod 194 0x000001ebd4d00e10 code [0x000001ebd4d00fa0, 0x000001ebd4d01078]
Event: 0.124 Thread 0x000001eb8405c8b0  195       3       java.lang.String::indexOf (7 bytes)
Event: 0.124 Thread 0x000001eb8405c8b0 nmethod 195 0x000001ebcd252e10 code [0x000001ebcd252fe0, 0x000001ebcd2532f8]

GC Heap History (0 events):
No events

Dll operation events (4 events):
Event: 0.005 Loaded shared library C:\Program Files\Java\jdk-19\bin\java.dll
Event: 0.027 Loaded shared library C:\Program Files\Java\jdk-19\bin\jsvml.dll
Event: 0.097 Loaded shared library C:\Program Files\Java\jdk-19\bin\net.dll
Event: 0.099 Loaded shared library C:\Program Files\Java\jdk-19\bin\nio.dll

Deoptimization events (0 events):
No events

Classes loaded (20 events):
Event: 0.124 Loading class java/lang/module/ModuleReader
Event: 0.124 Loading class java/lang/module/ModuleReader done
Event: 0.124 Loading class jdk/internal/module/SystemModuleFinders$SystemModuleReader done
Event: 0.124 Loading class jdk/internal/module/SystemModuleFinders$SystemImage
Event: 0.124 Loading class jdk/internal/module/SystemModuleFinders$SystemImage done
Event: 0.124 Loading class jdk/internal/jimage/ImageReaderFactory
Event: 0.124 Loading class jdk/internal/jimage/ImageReaderFactory done
Event: 0.124 Loading class java/nio/file/Paths
Event: 0.124 Loading class java/nio/file/Paths done
Event: 0.124 Loading class java/nio/file/FileSystems$DefaultFileSystemHolder
Event: 0.124 Loading class java/nio/file/FileSystems$DefaultFileSystemHolder done
Event: 0.124 Loading class java/nio/file/FileSystems$DefaultFileSystemHolder$1
Event: 0.124 Loading class java/nio/file/FileSystems$DefaultFileSystemHolder$1 done
Event: 0.124 Loading class java/net/URI$Parser
Event: 0.124 Loading class java/net/URI$Parser done
Event: 0.124 Loading class jdk/internal/jimage/ImageReaderFactory$1
Event: 0.124 Loading class jdk/internal/jimage/ImageReaderFactory$1 done
Event: 0.124 Loading class jdk/internal/jimage/ImageReader
Event: 0.124 Loading class jdk/internal/jimage/ImageReader done
Event: 0.124 Loading class jdk/internal/jimage/ImageReader$SharedImageReader

Classes unloaded (0 events):
No events

Classes redefined (0 events):
No events

Internal exceptions (4 events):
Event: 0.100 Thread 0x000001ebc3ad8e70 Exception <a 'sun/nio/fs/WindowsException'{0x00000007123b5590}> (0x00000007123b5590) 
thrown [s\open\src\hotspot\share\prims\jni.cpp, line 517]
Event: 0.100 Thread 0x000001ebc3ad8e70 Exception <a 'sun/nio/fs/WindowsException'{0x00000007123b5a60}> (0x00000007123b5a60) 
thrown [s\open\src\hotspot\share\prims\jni.cpp, line 517]
Event: 0.101 Thread 0x000001ebc3ad8e70 Exception <a 'sun/nio/fs/WindowsException'{0x00000007123b7b38}> (0x00000007123b7b38) 
thrown [s\open\src\hotspot\share\prims\jni.cpp, line 517]
Event: 0.101 Thread 0x000001ebc3ad8e70 Exception <a 'sun/nio/fs/WindowsException'{0x00000007123b84f0}> (0x00000007123b84f0) 
thrown [s\open\src\hotspot\share\prims\jni.cpp, line 517]

VM Operations (2 events):
Event: 0.103 Executing VM operation: HandshakeAllThreads
Event: 0.103 Executing VM operation: HandshakeAllThreads done

Events (12 events):
Event: 0.027 Thread 0x000001ebc3ad8e70 Thread added: 0x000001ebc3ad8e70
Event: 0.045 Thread 0x000001ebe928e750 Thread added: 0x000001ebe928e750
Event: 0.045 Thread 0x000001eb8406f660 Thread added: 0x000001eb8406f660
Event: 0.046 Thread 0x000001eb84070990 Thread added: 0x000001eb84070990
Event: 0.046 Thread 0x000001eb840718d0 Thread added: 0x000001eb840718d0
Event: 0.046 Thread 0x000001eb8405a870 Thread added: 0x000001eb8405a870
Event: 0.046 Thread 0x000001eb8405b1a0 Thread added: 0x000001eb8405b1a0
Event: 0.046 Thread 0x000001eb8405be00 Thread added: 0x000001eb8405be00
Event: 0.046 Thread 0x000001eb8405c8b0 Thread added: 0x000001eb8405c8b0
Event: 0.046 Thread 0x000001eb8407a230 Thread added: 0x000001eb8407a230
Event: 0.081 Thread 0x000001ebe9210d90 Thread added: 0x000001ebe9210d90
Event: 0.112 Thread 0x000001eb8431aa20 Thread added: 0x000001eb8431aa20


Dynamic libraries:
0x00007ff654c60000 - 0x00007ff654c70000 	C:\Program Files\Java\jdk-19\bin\java.exe
0x00007ffb00bd0000 - 0x00007ffb00dc8000 	C:\Windows\SYSTEM32\ntdll.dll
0x00007ffafefd0000 - 0x00007ffaff08f000 	C:\Windows\System32\KERNEL32.DLL
0x00007ffafe550000 - 0x00007ffafe822000 	C:\Windows\System32\KERNELBASE.dll
0x00007ffafe420000 - 0x00007ffafe520000 	C:\Windows\System32\ucrtbase.dll
0x00007ffafb990000 - 0x00007ffafb9ab000 	C:\Program Files\Java\jdk-19\bin\VCRUNTIME140.dll
0x00007ffab6230000 - 0x00007ffab6248000 	C:\Program Files\Java\jdk-19\bin\jli.dll
0x00007ffafed10000 - 0x00007ffafedbe000 	C:\Windows\System32\ADVAPI32.dll
0x00007ffafff80000 - 0x00007ffb0001e000 	C:\Windows\System32\msvcrt.dll
0x00007ffafec70000 - 0x00007ffafed0c000 	C:\Windows\System32\sechost.dll
0x00007ffaff100000 - 0x00007ffaff225000 	C:\Windows\System32\RPCRT4.dll
0x00007ffaffdd0000 - 0x00007ffafff71000 	C:\Windows\System32\USER32.dll
0x00007ffafe2c0000 - 0x00007ffafe2e2000 	C:\Windows\System32\win32u.dll
0x00007ffaea460000 - 0x00007ffaea6fa000 	C:\Windows\WinSxS\amd64_microsoft.windows.common-controls_6595b64144ccf1df_6.0.19041.1110_none_60b5254171f9507e\COMCTL32.dll
0x00007ffb00020000 - 0x00007ffb0004b000 	C:\Windows\System32\GDI32.dll
0x00007ffafea90000 - 0x00007ffafeb9f000 	C:\Windows\System32\gdi32full.dll
0x00007ffafe2f0000 - 0x00007ffafe38d000 	C:\Windows\System32\msvcp_win.dll
0x00007ffaf7230000 - 0x00007ffaf723a000 	C:\Windows\SYSTEM32\VERSION.dll
0x00007ffaff7a0000 - 0x00007ffaff7d2000 	C:\Windows\System32\IMM32.DLL
0x00007ffaf2980000 - 0x00007ffaf298c000 	C:\Program Files\Java\jdk-19\bin\vcruntime140_1.dll
0x00007ffa876f0000 - 0x00007ffa8777e000 	C:\Program Files\Java\jdk-19\bin\msvcp140.dll
0x00007ffa77fa0000 - 0x00007ffa78c60000 	C:\Program Files\Java\jdk-19\bin\server\jvm.dll
0x00007ffaf8da0000 - 0x00007ffaf8da9000 	C:\Windows\SYSTEM32\WSOCK32.dll
0x00007ffaedde0000 - 0x00007ffaede07000 	C:\Windows\SYSTEM32\WINMM.dll
0x00007ffaff090000 - 0x00007ffaff0fb000 	C:\Windows\System32\WS2_32.dll
0x00007ffafc180000 - 0x00007ffafc192000 	C:\Windows\SYSTEM32\kernel.appcore.dll
0x00007ffae8730000 - 0x00007ffae873a000 	C:\Program Files\Java\jdk-19\bin\jimage.dll
0x00007ffaec2d0000 - 0x00007ffaec4b4000 	C:\Windows\SYSTEM32\DBGHELP.DLL
0x00007ffae3f80000 - 0x00007ffae3fb5000 	C:\Windows\SYSTEM32\dbgcore.DLL
0x00007ffafe390000 - 0x00007ffafe412000 	C:\Windows\System32\bcryptPrimitives.dll
0x00007ffa97830000 - 0x00007ffa97856000 	C:\Program Files\Java\jdk-19\bin\java.dll
0x00007ffa955f0000 - 0x00007ffa956c7000 	C:\Program Files\Java\jdk-19\bin\jsvml.dll
0x00007ffb003e0000 - 0x00007ffb00b24000 	C:\Windows\System32\SHELL32.dll
0x00007ffafc380000 - 0x00007ffafcb12000 	C:\Windows\SYSTEM32\windows.storage.dll
0x00007ffaff2b0000 - 0x00007ffaff605000 	C:\Windows\System32\combase.dll
0x00007ffafdd20000 - 0x00007ffafdd50000 	C:\Windows\SYSTEM32\Wldp.dll
0x00007ffb00330000 - 0x00007ffb003dd000 	C:\Windows\System32\SHCORE.dll
0x00007ffb00200000 - 0x00007ffb00255000 	C:\Windows\System32\shlwapi.dll
0x00007ffafe200000 - 0x00007ffafe21f000 	C:\Windows\SYSTEM32\profapi.dll
0x00007ffaa6e20000 - 0x00007ffaa6e33000 	C:\Program Files\Java\jdk-19\bin\net.dll
0x00007ffaf6a00000 - 0x00007ffaf6b0c000 	C:\Windows\SYSTEM32\WINHTTP.dll
0x00007ffafda80000 - 0x00007ffafdaea000 	C:\Windows\system32\mswsock.dll
0x00007ffa98470000 - 0x00007ffa98486000 	C:\Program Files\Java\jdk-19\bin\nio.dll

dbghelp: loaded successfully - version: 4.0.5 - missing functions: none
symbol engine: initialized successfully - sym options: 0x614 - pdb path: .;C:\Program Files\Java\jdk-19\bin;C:\Windows\SYSTEM32;C:\Windows\WinSxS\amd64_microsoft.windows.common-controls_6595b64144ccf1df_6.0.19041.1110_none_60b5254171f9507e;C:\Program Files\Java\jdk-19\bin\server

VM Arguments:
jvm_args: -Dfile.encoding=UTF-8 --module-path=D:\record\Hospital Management System\build\classes 
java_command: hospital.management.system.HospitalManagementSystem
java_class_path (initial): D:\record\Hospital Management System\build\classes
Launcher Type: SUN_STANDARD

[Global flags]
     intx CICompilerCount                          = 4                                         {product} {ergonomic}
     uint ConcGCThreads                            = 3                                         {product} {ergonomic}
     uint G1ConcRefinementThreads                  = 10                                        {product} {ergonomic}
   size_t G1HeapRegionSize                         = 2097152                                   {product} {ergonomic}
    uintx GCDrainStackTargetSize                   = 64                                        {product} {ergonomic}
   size_t InitialHeapSize                          = 266338304                                 {product} {ergonomic}
   size_t MarkStackSize                            = 4194304                                   {product} {ergonomic}
   size_t MaxHeapSize                              = 4255121408                                {product} {ergonomic}
   size_t MaxNewSize                               = 2552233984                                {product} {ergonomic}
   size_t MinHeapDeltaBytes                        = 2097152                                   {product} {ergonomic}
   size_t MinHeapSize                              = 8388608                                   {product} {ergonomic}
    uintx NonNMethodCodeHeapSize                   = 5839372                                {pd product} {ergonomic}
    uintx NonProfiledCodeHeapSize                  = 122909434                              {pd product} {ergonomic}
    uintx ProfiledCodeHeapSize                     = 122909434                              {pd product} {ergonomic}
    uintx ReservedCodeCacheSize                    = 251658240                              {pd product} {ergonomic}
     bool SegmentedCodeCache                       = true                                      {product} {ergonomic}
   size_t SoftMaxHeapSize                          = 4255121408                             {manageable} {ergonomic}
     bool UseCompressedClassPointers               = true                           {product lp64_product} {ergonomic}
     bool UseCompressedOops                        = true                           {product lp64_product} {ergonomic}
     bool UseG1GC                                  = true                                      {product} {ergonomic}
     bool UseLargePagesIndividualAllocation        = false                                  {pd product} {ergonomic}

Logging:
Log output configuration:
 #0: stdout all=warning uptime,level,tags foldmultilines=false
 #1: stderr all=off uptime,level,tags foldmultilines=false

Environment Variables:
JAVA_HOME=C:\Program Files\Java\jdk-19
PATH=C:\Program Files\Common Files\Oracle\Java\javapath;C:\Windows\system32;C:\Windows;C:\Windows\System32\Wbem;C:\Windows\System32\WindowsPowerShell\v1.0\;C:\Windows\System32\OpenSSH\;C:\Program Files\Git\cmd;C:\Program Files\NVIDIA Corporation\NVIDIA NvDLISR;C:\Program Files (x86)\NVIDIA Corporation\PhysX\Common;C:\Program Files\Java\jdk-19\bin;C:\Program Files\MySQL\MySQL Shell 8.0\bin\;C:\Users\mumin\anaconda3;C:\Users\mumin\anaconda3\Library\mingw-w64\bin;C:\Users\mumin\anaconda3\Library\usr\bin;C:\Users\mumin\anaconda3\Library\bin;C:\Users\mumin\anaconda3\Scripts;C:\Users\mumin\AppData\Local\Programs\Python\Python39\Scripts\;C:\Users\mumin\AppData\Local\Programs\Python\Python39\;C:\Users\mumin\AppData\Local\Microsoft\WindowsApps;C:\Users\mumin\AppData\Local\Programs\Microsoft VS Code\bin
USERNAME=mumin
OS=Windows_NT
PROCESSOR_IDENTIFIER=Intel64 Family 6 Model 158 Stepping 10, GenuineIntel
TMP=C:\Users\mumin\AppData\Local\Temp
TEMP=C:\Users\mumin\AppData\Local\Temp



---------------  S Y S T E M  ---------------

OS:
 Windows 10 , 64 bit Build 19041 (10.0.19041.2364)
OS uptime: 2 days 3:14 hours

CPU: total 12 (initial active 12) (6 cores per cpu, 2 threads per core) family 6 model 158 stepping 10 microcode 0xb4, cx8, cmov, fxsr, ht, mmx, 3dnowpref, sse, sse2, sse3, ssse3, sse4.1, sse4.2, popcnt, lzcnt, tsc, tscinvbit, avx, avx2, aes, erms, clmul, bmi1, bmi2, adx, fma, vzeroupper, clflush, clflushopt, rdtscp

Memory: 4k page, system-wide physical 16226M (5808M free)
TotalPageFile size 30996M (AvailPageFile size 5M)
current process WorkingSet (physical memory assigned to process): 34M, peak: 34M
current process commit charge ("private bytes"): 342M, peak: 342M

vm_info: Java HotSpot(TM) 64-Bit Server VM (19.0.2+7-44) for windows-amd64 JRE (19.0.2+7-44), built on 2022-11-30T18:02:09Z by "mach5one" with MS VC++ 17.1 (VS2022)

END.
